2022-05-31 15:41:00,119 - instabot version: 0.117.0 (bot) - INFO - Instabot version: 0.117.0 Started
2022-05-31 15:41:00,119 - instabot version: 0.117.0 (bot) - DEBUG - Bot imported from C:\Python39\lib\site-packages\instabot\bot\bot.py
2022-05-31 15:41:00,120 - instabot version: 0.117.0 (api_login) - DEBUG - Loading cookies
2022-05-31 15:41:00,120 - instabot version: 0.117.0 (api_login) - DEBUG - Loading uuids
2022-05-31 15:41:00,120 - instabot version: 0.117.0 (api_login) - INFO - Recovery from D:\D\programování\PYTHON\webscrape\wombo-ai-scraper/config/_steampunk_art__uuid_and_cookie.json: COOKIE True - UUIDs True - TIMING, DEVICE and ...
- user-agent=Instagram 117.0.0.28.123 Android (28/9.0; 420dpi; 1080x1920; OnePlus; ONEPLUS A3003; OnePlus3; qcom; en_US; 180322800)
- phone_id=78504e38-6c5b-474a-ae61-20e5202dd4fa
- uuid=866c3792-e909-4351-b4d4-2049035f85db
- client_session_id=00e1951c-9801-4a17-b7c7-f53de00858ce
- device_id=android-aa23abe2cf798ff6
2022-05-31 15:41:00,121 - instabot version: 0.117.0 (api_login) - INFO - LOGIN FLOW! Just logged-in: False
2022-05-31 15:41:00,991 - instabot version: 0.117.0 (api) - DEBUG - POST to endpoint: feed/timeline/ returned response: <Response [200]>
2022-05-31 15:41:01,207 - instabot version: 0.117.0 (api) - DEBUG - POST to endpoint: feed/reels_tray/ returned response: <Response [200]>
2022-05-31 15:41:01,208 - instabot version: 0.117.0 (api) - INFO - Logged-in successfully as '_steampunk_art_'!
2022-05-31 15:41:01,208 - instabot version: 0.117.0 (bot_checkpoint) - DEBUG - Loading Checkpoint file from: D:\D\programování\PYTHON\webscrape\wombo-ai-scraper/config/_steampunk_art_.checkpoint
2022-05-31 15:41:24,067 - instabot version: 0.117.0 (api) - DEBUG - POST to endpoint: media/configure/? returned response: <Response [200]>
2022-05-31 15:41:24,240 - instabot version: 0.117.0 (api) - DEBUG - POST to endpoint: qe/expose/ returned response: <Response [200]>
2022-05-31 15:41:24,241 - instabot version: 0.117.0 (bot_photo) - INFO - Photo 'Download/airship_TradingCard (3).jpg' is uploaded.
2022-05-31 15:41:24,244 - instabot version: 0.117.0 (bot_checkpoint) - DEBUG - Saving Checkpoint file to: D:\D\programování\PYTHON\webscrape\wombo-ai-scraper/config/_steampunk_art_.checkpoint
2022-05-31 15:41:24,244 - instabot version: 0.117.0 (bot) - INFO - Total requests: 6
