2022-05-31 15:42:01,046 - instabot version: 0.117.0 (bot) - INFO - Instabot version: 0.117.0 Started
2022-05-31 15:42:01,047 - instabot version: 0.117.0 (bot) - DEBUG - Bot imported from C:\Python39\lib\site-packages\instabot\bot\bot.py
2022-05-31 15:42:01,049 - instabot version: 0.117.0 (api_login) - DEBUG - Loading cookies
2022-05-31 15:42:01,049 - instabot version: 0.117.0 (api_login) - DEBUG - Loading uuids
2022-05-31 15:42:01,049 - instabot version: 0.117.0 (api_login) - INFO - Recovery from D:\D\programování\PYTHON\webscrape\wombo-ai-scraper/config/_steampunk_art__uuid_and_cookie.json: COOKIE True - UUIDs True - TIMING, DEVICE and ...
- user-agent=Instagram 117.0.0.28.123 Android (28/9.0; 420dpi; 1080x1920; OnePlus; ONEPLUS A3003; OnePlus3; qcom; en_US; 180322800)
- phone_id=78504e38-6c5b-474a-ae61-20e5202dd4fa
- uuid=866c3792-e909-4351-b4d4-2049035f85db
- client_session_id=00e1951c-9801-4a17-b7c7-f53de00858ce
- device_id=android-aa23abe2cf798ff6
2022-05-31 15:42:01,051 - instabot version: 0.117.0 (api_login) - INFO - LOGIN FLOW! Just logged-in: False
2022-05-31 15:42:01,851 - instabot version: 0.117.0 (api) - DEBUG - POST to endpoint: feed/timeline/ returned response: <Response [200]>
2022-05-31 15:42:02,080 - instabot version: 0.117.0 (api) - DEBUG - POST to endpoint: feed/reels_tray/ returned response: <Response [200]>
2022-05-31 15:42:02,081 - instabot version: 0.117.0 (api) - INFO - Logged-in successfully as '_steampunk_art_'!
2022-05-31 15:42:02,082 - instabot version: 0.117.0 (bot_checkpoint) - DEBUG - Loading Checkpoint file from: D:\D\programování\PYTHON\webscrape\wombo-ai-scraper/config/_steampunk_art_.checkpoint
2022-05-31 15:42:25,742 - instabot version: 0.117.0 (api) - DEBUG - POST to endpoint: media/configure/? returned response: <Response [200]>
2022-05-31 15:42:25,918 - instabot version: 0.117.0 (api) - DEBUG - POST to endpoint: qe/expose/ returned response: <Response [200]>
2022-05-31 15:42:25,918 - instabot version: 0.117.0 (bot_photo) - INFO - Photo 'Download/airship_TradingCard.jpg' is uploaded.
2022-05-31 15:42:25,920 - instabot version: 0.117.0 (bot_checkpoint) - DEBUG - Saving Checkpoint file to: D:\D\programování\PYTHON\webscrape\wombo-ai-scraper/config/_steampunk_art_.checkpoint
2022-05-31 15:42:25,921 - instabot version: 0.117.0 (bot) - INFO - Total requests: 8
