2022-06-20 14:32:59,011 - instabot version: 0.117.0 (bot) - INFO - Instabot version: 0.117.0 Started
2022-06-20 14:32:59,011 - instabot version: 0.117.0 (bot) - DEBUG - Bot imported from C:\Python39\lib\site-packages\instabot\bot\bot.py
2022-06-20 14:32:59,012 - instabot version: 0.117.0 (api_login) - DEBUG - Loading cookies
2022-06-20 14:32:59,012 - instabot version: 0.117.0 (api_login) - DEBUG - Loading uuids
2022-06-20 14:32:59,012 - instabot version: 0.117.0 (api_login) - INFO - Recovery from D:\D\programování\PYTHON\webscrape\STEAMPUNKwombo-ai-scraper/config/_steampunk_art__uuid_and_cookie.json: COOKIE True - UUIDs True - TIMING, DEVICE and ...
- user-agent=Instagram 117.0.0.28.123 Android (28/9.0; 420dpi; 1080x1920; OnePlus; ONEPLUS A3003; OnePlus3; qcom; en_US; 180322800)
- phone_id=78504e38-6c5b-474a-ae61-20e5202dd4fa
- uuid=866c3792-e909-4351-b4d4-2049035f85db
- client_session_id=b9ff7b43-9de0-4bf2-a95e-3e69d35966f7
- device_id=android-aa23abe2cf798ff6
2022-06-20 14:32:59,013 - instabot version: 0.117.0 (api_login) - INFO - LOGIN FLOW! Just logged-in: False
2022-06-20 14:33:01,579 - instabot version: 0.117.0 (api) - DEBUG - POST to endpoint: feed/timeline/ returned response: <Response [200]>
2022-06-20 14:33:01,888 - instabot version: 0.117.0 (api) - DEBUG - POST to endpoint: feed/reels_tray/ returned response: <Response [200]>
2022-06-20 14:33:02,089 - instabot version: 0.117.0 (api) - DEBUG - POST to endpoint: direct_v2/ranked_recipients/ returned response: <Response [405]>
2022-06-20 14:33:02,089 - instabot version: 0.117.0 (api) - DEBUG - Responsecode indicates error; response content: b''
2022-06-20 14:33:02,089 - instabot version: 0.117.0 (api) - ERROR - Request returns 405 error!
2022-06-20 14:33:02,090 - instabot version: 0.117.0 (api) - ERROR - Error checking for `feedback_required`, response text is not JSON
2022-06-20 14:33:02,090 - instabot version: 0.117.0 (api) - INFO - Full Response: <Response [405]>
2022-06-20 14:33:02,090 - instabot version: 0.117.0 (api) - INFO - Response Text: 
2022-06-20 14:33:02,090 - instabot version: 0.117.0 (api) - ERROR - Error unknown send request
2022-06-20 14:33:02,262 - instabot version: 0.117.0 (api) - DEBUG - POST to endpoint: direct_v2/ranked_recipients/ returned response: <Response [405]>
2022-06-20 14:33:02,262 - instabot version: 0.117.0 (api) - DEBUG - Responsecode indicates error; response content: b''
2022-06-20 14:33:02,262 - instabot version: 0.117.0 (api) - ERROR - Request returns 405 error!
2022-06-20 14:33:02,262 - instabot version: 0.117.0 (api) - ERROR - Error checking for `feedback_required`, response text is not JSON
2022-06-20 14:33:02,262 - instabot version: 0.117.0 (api) - INFO - Full Response: <Response [405]>
2022-06-20 14:33:02,262 - instabot version: 0.117.0 (api) - INFO - Response Text: 
2022-06-20 14:33:02,263 - instabot version: 0.117.0 (api) - ERROR - Error unknown send request
2022-06-20 14:33:02,636 - instabot version: 0.117.0 (api) - DEBUG - POST to endpoint: direct_v2/inbox/ returned response: <Response [200]>
2022-06-20 14:33:02,811 - instabot version: 0.117.0 (api) - DEBUG - GET to endpoint: direct_v2/get_presence/ returned response: <Response [200]>
2022-06-20 14:33:03,624 - instabot version: 0.117.0 (api) - DEBUG - GET to endpoint: news/inbox/?limited_activity=true&show_su=true returned response: <Response [200]>
2022-06-20 14:33:03,810 - instabot version: 0.117.0 (api) - DEBUG - GET to endpoint: users/profile_notice/ returned response: <Response [200]>
