2022-06-20 14:51:33,646 - instabot version: 0.117.0 (bot) - INFO - Instabot version: 0.117.0 Started
2022-06-20 14:51:33,646 - instabot version: 0.117.0 (bot) - DEBUG - Bot imported from C:\Python39\lib\site-packages\instabot\bot\bot.py
2022-06-20 14:51:33,647 - instabot version: 0.117.0 (api_login) - INFO - Not yet logged in starting: PRE-LOGIN FLOW!
2022-06-20 14:51:33,832 - instabot version: 0.117.0 (api) - DEBUG - POST to endpoint: accounts/get_prefill_candidates/ returned response: <Response [429]>
2022-06-20 14:51:33,832 - instabot version: 0.117.0 (api) - DEBUG - Responsecode indicates error; response content: b'{"message":"Please wait a few minutes before you try again.","status":"fail"}'
2022-06-20 14:51:33,833 - instabot version: 0.117.0 (api) - ERROR - Request returns 429 error!
2022-06-20 14:51:34,050 - instabot version: 0.117.0 (api) - DEBUG - POST to endpoint: qe/sync/ returned response: <Response [200]>
2022-06-20 14:51:34,280 - instabot version: 0.117.0 (api) - DEBUG - POST to endpoint: launcher/sync/ returned response: <Response [200]>
2022-06-20 14:51:34,463 - instabot version: 0.117.0 (api) - DEBUG - POST to endpoint: accounts/contact_point_prefill/ returned response: <Response [429]>
2022-06-20 14:51:34,464 - instabot version: 0.117.0 (api) - DEBUG - Responsecode indicates error; response content: b'{"message":"Please wait a few minutes before you try again.","status":"fail"}'
2022-06-20 14:51:34,464 - instabot version: 0.117.0 (api) - ERROR - Request returns 429 error!
2022-06-20 14:51:35,903 - instabot version: 0.117.0 (api) - DEBUG - POST to endpoint: accounts/login/ returned response: <Response [200]>
2022-06-20 14:51:35,904 - instabot version: 0.117.0 (api) - INFO - Logged-in successfully as '_steampunk_art_'!
2022-06-20 14:51:35,904 - instabot version: 0.117.0 (api_login) - INFO - LOGIN FLOW! Just logged-in: True
2022-06-20 14:51:36,115 - instabot version: 0.117.0 (api) - DEBUG - POST to endpoint: qe/sync/ returned response: <Response [200]>
2022-06-20 14:51:36,319 - instabot version: 0.117.0 (api) - DEBUG - POST to endpoint: launcher/sync/ returned response: <Response [200]>
2022-06-20 14:51:36,517 - instabot version: 0.117.0 (api) - DEBUG - GET to endpoint: zr/token/result/?device_id=android-aa23abe2cf798ff6&token_hash=&custom_device_id=android-aa23abe2cf798ff6&fetch_reason=token_expired returned response: <Response [200]>
2022-06-20 14:51:36,713 - instabot version: 0.117.0 (api) - DEBUG - GET to endpoint: multiple_accounts/get_account_family/ returned response: <Response [200]>
2022-06-20 14:51:36,915 - instabot version: 0.117.0 (api) - DEBUG - POST to endpoint: qe/sync/ returned response: <Response [200]>
2022-06-20 14:51:37,327 - instabot version: 0.117.0 (api) - DEBUG - GET to endpoint: igtv/browse_feed/?prefetch=1 returned response: <Response [200]>
2022-06-20 14:51:37,492 - instabot version: 0.117.0 (api) - DEBUG - POST to endpoint: creatives/ar_class/ returned response: <Response [200]>
2022-06-20 14:51:37,765 - instabot version: 0.117.0 (api) - DEBUG - POST to endpoint: feed/reels_tray/ returned response: <Response [200]>
2022-06-20 14:51:38,695 - instabot version: 0.117.0 (api) - DEBUG - POST to endpoint: feed/timeline/ returned response: <Response [200]>
2022-06-20 14:51:38,940 - instabot version: 0.117.0 (api) - DEBUG - GET to endpoint: media/blocked/ returned response: <Response [200]>
